<?xml version="1.0" encoding="UTF-8"?>
<testsuite xmlns:xsi="http://www.w3.org/2001/XMLSchema-instance" xsi:noNamespaceSchemaLocation="https://maven.apache.org/surefire/maven-surefire-plugin/xsd/surefire-test-report-3.0.xsd" version="3.0" name="com.library.BorrowServiceTest" time="0.57" tests="3" errors="0" skipped="0" failures="0">
  <properties>
[...]
</properties>
  <testcase name="testBorrowBookStudentNotFound" classname="com.library.BorrowServiceTest" time="0.214">
    <system-out><![CDATA[student ajoute :5
Livre inséré avec succès !
]]></system-out>
  </testcase>
  <testcase name="testReturnBook" classname="com.library.BorrowServiceTest" time="0.118">
    <system-out><![CDATA[student ajoute :5
Livre inséré avec succès !
]]></system-out>
  </testcase>
  <testcase name="testBorrowBook" classname="com.library.BorrowServiceTest" time="0.231">
    <system-out><![CDATA[student ajoute :5
Livre inséré avec succès !
]]></system-out>
  </testcase>
</testsuite>